<?xml version="1.0" encoding="UTF-8"?>
<robot generator="Robot 7.2.2 (Python 3.13.2 on win32)" generated="2025-02-13T23:19:41.344807" rpa="false" schemaversion="5">
<suite id="s1" name="Logout andRe-LoginValidation" source="C:\Users\NANABODEY\PycharmProjects\PythonProject\tests\Logout_andRe-LoginValidation.robot">
<test id="s1-t1" name="first Login" line="6">
<kw name="Open Parabank Website" owner="keywords.robot">
<kw name="Open Browser" owner="SeleniumLibrary">
<msg time="2025-02-13T23:19:41.809061" level="INFO">Opening browser 'Chrome' to base url 'https://parabank.parasoft.com/parabank/index.htm?ConnType=JDBC'.</msg>
<arg>${URL}</arg>
<arg>${BROWSER}</arg>
<doc>Opens a new browser instance to the optional ``url``.</doc>
<status status="PASS" start="2025-02-13T23:19:41.808664" elapsed="6.214938"/>
</kw>
<kw name="Maximize Browser Window" owner="SeleniumLibrary">
<doc>Maximizes current browser window.</doc>
<status status="PASS" start="2025-02-13T23:19:48.024140" elapsed="0.033785"/>
</kw>
<status status="PASS" start="2025-02-13T23:19:41.807033" elapsed="6.251078"/>
</kw>
<kw name="Login With Valid Credentials" owner="keywords.robot">
<kw name="Input Text" owner="SeleniumLibrary">
<msg time="2025-02-13T23:19:48.059660" level="INFO">Typing text 'ali' into text field 'name=username'.</msg>
<arg>${USERNAME_FIELD}</arg>
<arg>${username}</arg>
<doc>Types the given ``text`` into the text field identified by ``locator``.</doc>
<status status="PASS" start="2025-02-13T23:19:48.059162" elapsed="0.117118"/>
</kw>
<kw name="Input Text" owner="SeleniumLibrary">
<msg time="2025-02-13T23:19:48.176873" level="INFO">Typing text 'Password123' into text field 'name=password'.</msg>
<arg>${PASSWORD_FIELD}</arg>
<arg>${password}</arg>
<doc>Types the given ``text`` into the text field identified by ``locator``.</doc>
<status status="PASS" start="2025-02-13T23:19:48.176529" elapsed="0.147742"/>
</kw>
<kw name="Click Button" owner="SeleniumLibrary">
<msg time="2025-02-13T23:19:48.324830" level="INFO">Clicking button 'xpath=//input[@value='Log In']'.</msg>
<arg>${LOGIN_BUTTON}</arg>
<doc>Clicks the button identified by ``locator``.</doc>
<status status="PASS" start="2025-02-13T23:19:48.324519" elapsed="1.164291"/>
</kw>
<doc>Logs in using provided username and password.</doc>
<status status="PASS" start="2025-02-13T23:19:48.058663" elapsed="1.430318"/>
</kw>
<status status="PASS" start="2025-02-13T23:19:41.805911" elapsed="7.683482"/>
</test>
<test id="s1-t2" name="Logout and Re-Login Validation" line="9">
<kw name="Sleep" owner="BuiltIn">
<msg time="2025-02-13T23:19:54.492899" level="INFO">Slept 5 seconds.</msg>
<arg>5s</arg>
<doc>Pauses the test executed for the given time.</doc>
<status status="PASS" start="2025-02-13T23:19:49.491501" elapsed="5.001616"/>
</kw>
<kw name="Logout" owner="keywords.robot">
<kw name="Click Button" owner="SeleniumLibrary">
<msg time="2025-02-13T23:19:54.494689" level="INFO">Clicking button 'xpath=//a[normalize-space()='Log Out']'.</msg>
<msg time="2025-02-13T23:19:54.677201" level="INFO" html="true">&lt;/td&gt;&lt;/tr&gt;&lt;tr&gt;&lt;td colspan="3"&gt;&lt;a href="selenium-screenshot-46.png"&gt;&lt;img src="selenium-screenshot-46.png" width="800px"&gt;&lt;/a&gt;</msg>
<msg time="2025-02-13T23:19:54.677541" level="FAIL">Button with locator 'xpath=//a[normalize-space()='Log Out']' not found.</msg>
<arg>${LOGOUT_LINK}</arg>
<doc>Clicks the button identified by ``locator``.</doc>
<status status="FAIL" start="2025-02-13T23:19:54.494282" elapsed="0.190053">Button with locator 'xpath=//a[normalize-space()='Log Out']' not found.</status>
</kw>
<kw name="Wait Until Element Is Visible" owner="SeleniumLibrary">
<arg>${LOGIN_BUTTON}</arg>
<arg>timeout=10s</arg>
<doc>Waits until the element ``locator`` is visible.</doc>
<status status="NOT RUN" start="2025-02-13T23:19:54.685341" elapsed="0.000144"/>
</kw>
<doc>Logs out the current user.</doc>
<status status="FAIL" start="2025-02-13T23:19:54.493776" elapsed="0.192137">Button with locator 'xpath=//a[normalize-space()='Log Out']' not found.</status>
</kw>
<kw name="Login With Valid Credentials" owner="keywords.robot">
<doc>Logs in using provided username and password.</doc>
<status status="NOT RUN" start="2025-02-13T23:19:54.686574" elapsed="0.000094"/>
</kw>
<kw name="Capture Page Screenshot" owner="SeleniumLibrary">
<doc>Takes a screenshot of the current page and embeds it into a log file.</doc>
<status status="NOT RUN" start="2025-02-13T23:19:54.687231" elapsed="0.000110"/>
</kw>
<kw name="Close Browser" owner="SeleniumLibrary">
<doc>Closes the current browser.</doc>
<status status="NOT RUN" start="2025-02-13T23:19:54.687836" elapsed="0.000119"/>
</kw>
<doc>Ensure successful logout and login with valid credentials.</doc>
<status status="FAIL" start="2025-02-13T23:19:49.490625" elapsed="5.197844">Button with locator 'xpath=//a[normalize-space()='Log Out']' not found.</status>
</test>
<status status="FAIL" start="2025-02-13T23:19:41.348947" elapsed="13.341159"/>
</suite>
<statistics>
<total>
<stat pass="1" fail="1" skip="0">All Tests</stat>
</total>
<tag>
</tag>
<suite>
<stat name="Logout andRe-LoginValidation" id="s1" pass="1" fail="1" skip="0">Logout andRe-LoginValidation</stat>
</suite>
</statistics>
<errors>
<msg time="2025-02-13T23:19:41.795396" level="WARN">Error in file 'C:\Users\NANABODEY\PycharmProjects\PythonProject\resources\keywords.robot.resource' on line 42: The '[Return]' setting is deprecated. Use the 'RETURN' statement instead.</msg>
</errors>
</robot>
