<?xml version="1.0" encoding="UTF-8"?>
<robot generator="Robot 7.2.2 (Python 3.13.2 on win32)" generated="2025-02-13T00:26:34.763271" rpa="false" schemaversion="5">
<suite id="s1" name="Parabank Negative Login" source="C:\Users\NANABODEY\PycharmProjects\PythonProject\tests\parabank_negative_login.robot">
<test id="s1-t1" name="Negative Login Test" line="6">
<kw name="Open Parabank Website" owner="keywords.robot">
<kw name="Open Browser" owner="SeleniumLibrary">
<msg time="2025-02-13T00:26:35.243161" level="INFO">Opening browser 'Chrome' to base url 'https://parabank.parasoft.com/parabank/index.htm?ConnType=JDBC'.</msg>
<arg>${URL}</arg>
<arg>${BROWSER}</arg>
<doc>Opens a new browser instance to the optional ``url``.</doc>
<status status="PASS" start="2025-02-13T00:26:35.239636" elapsed="25.936981"/>
</kw>
<kw name="Maximize Browser Window" owner="SeleniumLibrary">
<doc>Maximizes current browser window.</doc>
<status status="PASS" start="2025-02-13T00:27:01.177224" elapsed="0.043578"/>
</kw>
<kw name="Wait Until Element Is Visible" owner="SeleniumLibrary">
<arg>${USERNAME_FIELD}</arg>
<arg>timeout=5s</arg>
<doc>Waits until the element ``locator`` is visible.</doc>
<status status="PASS" start="2025-02-13T00:27:01.221066" elapsed="0.035403"/>
</kw>
<status status="PASS" start="2025-02-13T00:26:35.236433" elapsed="26.020225"/>
</kw>
<kw name="Enter Invalid Credentials" owner="keywords.robot">
<kw name="Input Text" owner="SeleniumLibrary">
<msg time="2025-02-13T00:27:01.257781" level="INFO">Typing text 'invalidUser' into text field 'name=username'.</msg>
<arg>${USERNAME_FIELD}</arg>
<arg>invalidUser</arg>
<doc>Types the given ``text`` into the text field identified by ``locator``.</doc>
<status status="PASS" start="2025-02-13T00:27:01.257493" elapsed="0.124150"/>
</kw>
<kw name="Input Text" owner="SeleniumLibrary">
<msg time="2025-02-13T00:27:01.382201" level="INFO">Typing text 'wrongPass' into text field 'name=password'.</msg>
<arg>${PASSWORD_FIELD}</arg>
<arg>wrongPass</arg>
<doc>Types the given ``text`` into the text field identified by ``locator``.</doc>
<status status="PASS" start="2025-02-13T00:27:01.381898" elapsed="0.143208"/>
</kw>
<kw name="Click Button" owner="SeleniumLibrary">
<msg time="2025-02-13T00:27:01.525671" level="INFO">Clicking button 'xpath=//input[@value='Log In']'.</msg>
<arg>${LOGIN_BUTTON}</arg>
<doc>Clicks the button identified by ``locator``.</doc>
<status status="PASS" start="2025-02-13T00:27:01.525364" elapsed="1.359817"/>
</kw>
<status status="PASS" start="2025-02-13T00:27:01.257121" elapsed="1.628259"/>
</kw>
<kw name="Verify Error Message" owner="keywords.robot">
<kw name="Wait Until Page Contains" owner="SeleniumLibrary">
<arg>${ERROR_MESSAGE}</arg>
<arg>timeout=5s</arg>
<doc>Waits until ``text`` appears on the current page.</doc>
<status status="PASS" start="2025-02-13T00:27:02.886372" elapsed="0.034505"/>
</kw>
<status status="PASS" start="2025-02-13T00:27:02.885854" elapsed="0.035352"/>
</kw>
<kw name="Capture Page Screenshot" owner="SeleniumLibrary">
<msg time="2025-02-13T00:27:03.035369" level="INFO" html="true">&lt;/td&gt;&lt;/tr&gt;&lt;tr&gt;&lt;td colspan="3"&gt;&lt;a href="selenium-screenshot-1.png"&gt;&lt;img src="selenium-screenshot-1.png" width="800px"&gt;&lt;/a&gt;</msg>
<doc>Takes a screenshot of the current page and embeds it into a log file.</doc>
<status status="PASS" start="2025-02-13T00:27:02.921647" elapsed="0.113881"/>
</kw>
<kw name="Close Browser" owner="SeleniumLibrary">
<doc>Closes the current browser.</doc>
<status status="PASS" start="2025-02-13T00:27:03.035945" elapsed="2.565542"/>
</kw>
<doc>This test verifies the error message for an invalid login attempt.</doc>
<status status="PASS" start="2025-02-13T00:26:35.234673" elapsed="30.369213"/>
</test>
<status status="PASS" start="2025-02-13T00:26:34.768357" elapsed="30.843196"/>
</suite>
<statistics>
<total>
<stat pass="1" fail="0" skip="0">All Tests</stat>
</total>
<tag>
</tag>
<suite>
<stat name="Parabank Negative Login" id="s1" pass="1" fail="0" skip="0">Parabank Negative Login</stat>
</suite>
</statistics>
<errors>
<msg time="2025-02-13T00:26:35.229379" level="ERROR">Error in file 'C:\Users\NANABODEY\PycharmProjects\PythonProject\resources\keywords.robot.resource' on line 3: Resource file 'locators.robot' does not exist.</msg>
</errors>
</robot>
